Determining if the pthread_create exist failed with the following output:
Change Dir: /mnt/d/Projects/Second_year/Second_semester/ACS/zip_lab_part_2/cmake-build-debug/CMakeFiles/CMakeTmp

Run Build Command:"/usr/bin/make" "cmTC_4dc5a/fast"
/usr/bin/make -f CMakeFiles/cmTC_4dc5a.dir/build.make CMakeFiles/cmTC_4dc5a.dir/build
make[1]: Entering directory '/mnt/d/Projects/Second_year/Second_semester/ACS/zip_lab_part_2/cmake-build-debug/CMakeFiles/CMakeTmp'
Building C object CMakeFiles/cmTC_4dc5a.dir/CheckSymbolExists.c.o
/usr/bin/cc    -o CMakeFiles/cmTC_4dc5a.dir/CheckSymbolExists.c.o   -c /mnt/d/Projects/Second_year/Second_semester/ACS/zip_lab_part_2/cmake-build-debug/CMakeFiles/CMakeTmp/CheckSymbolExists.c
Linking C executable cmTC_4dc5a
/usr/bin/cmake -E cmake_link_script CMakeFiles/cmTC_4dc5a.dir/link.txt --verbose=1
/usr/bin/cc      CMakeFiles/cmTC_4dc5a.dir/CheckSymbolExists.c.o  -o cmTC_4dc5a 
CMakeFiles/cmTC_4dc5a.dir/CheckSymbolExists.c.o: In function `main':
CheckSymbolExists.c:(.text+0x1b): undefined reference to `pthread_create'
collect2: error: ld returned 1 exit status
CMakeFiles/cmTC_4dc5a.dir/build.make:97: recipe for target 'cmTC_4dc5a' failed
make[1]: *** [cmTC_4dc5a] Error 1
make[1]: Leaving directory '/mnt/d/Projects/Second_year/Second_semester/ACS/zip_lab_part_2/cmake-build-debug/CMakeFiles/CMakeTmp'
Makefile:126: recipe for target 'cmTC_4dc5a/fast' failed
make: *** [cmTC_4dc5a/fast] Error 2

File /mnt/d/Projects/Second_year/Second_semester/ACS/zip_lab_part_2/cmake-build-debug/CMakeFiles/CMakeTmp/CheckSymbolExists.c:
/* */
#include <pthread.h>

int main(int argc, char** argv)
{
  (void)argv;
#ifndef pthread_create
  return ((int*)(&pthread_create))[argc];
#else
  (void)argc;
  return 0;
#endif
}

Determining if the function pthread_create exists in the pthreads failed with the following output:
Change Dir: /mnt/d/Projects/Second_year/Second_semester/ACS/zip_lab_part_2/cmake-build-debug/CMakeFiles/CMakeTmp

Run Build Command:"/usr/bin/make" "cmTC_23b4a/fast"
/usr/bin/make -f CMakeFiles/cmTC_23b4a.dir/build.make CMakeFiles/cmTC_23b4a.dir/build
make[1]: Entering directory '/mnt/d/Projects/Second_year/Second_semester/ACS/zip_lab_part_2/cmake-build-debug/CMakeFiles/CMakeTmp'
Building C object CMakeFiles/cmTC_23b4a.dir/CheckFunctionExists.c.o
/usr/bin/cc   -DCHECK_FUNCTION_EXISTS=pthread_create   -o CMakeFiles/cmTC_23b4a.dir/CheckFunctionExists.c.o   -c /usr/share/cmake-3.10/Modules/CheckFunctionExists.c
Linking C executable cmTC_23b4a
/usr/bin/cmake -E cmake_link_script CMakeFiles/cmTC_23b4a.dir/link.txt --verbose=1
/usr/bin/cc  -DCHECK_FUNCTION_EXISTS=pthread_create    CMakeFiles/cmTC_23b4a.dir/CheckFunctionExists.c.o  -o cmTC_23b4a -lpthreads 
/usr/bin/ld: cannot find -lpthreads
collect2: error: ld returned 1 exit status
CMakeFiles/cmTC_23b4a.dir/build.make:97: recipe for target 'cmTC_23b4a' failed
make[1]: *** [cmTC_23b4a] Error 1
make[1]: Leaving directory '/mnt/d/Projects/Second_year/Second_semester/ACS/zip_lab_part_2/cmake-build-debug/CMakeFiles/CMakeTmp'
Makefile:126: recipe for target 'cmTC_23b4a/fast' failed
make: *** [cmTC_23b4a/fast] Error 2


